{
  "RSpec": {
    "coverage": {
      "/Users/tamal/Documents/task1/task1app/spec/support/factory_bot.rb": [
        1,
        1,
        null
      ],
      "/Users/tamal/Documents/task1/task1app/app/controllers/users_controller.rb": [
        1,
        null,
        null,
        1,
        1,
        null,
        null,
        1,
        2,
        null,
        null,
        1,
        1,
        null,
        null,
        1,
        1,
        null,
        null,
        1,
        1,
        null,
        1,
        1,
        null,
        0,
        null,
        null,
        null,
        1,
        3,
        null,
        3,
        3,
        null,
        0,
        null,
        null,
        null,
        1,
        2,
        2,
        null,
        2,
        null,
        null,
        1,
        1,
        4,
        null,
        null
      ],
      "/Users/tamal/Documents/task1/task1app/app/controllers/application_controller.rb": [
        1,
        1,
        1,
        null,
        1,
        11,
        11,
        null,
        1,
        6,
        null,
        null,
        1,
        11,
        11,
        null,
        null
      ],
      "/Users/tamal/Documents/task1/task1app/spec/models/benutzer_spec.rb": [
        1,
        null,
        1,
        1,
        null
      ],
      "/Users/tamal/Documents/task1/task1app/app/models/benutzer.rb": [
        1,
        null,
        null,
        1,
        null,
        null,
        1,
        1,
        0,
        0,
        null,
        null,
        1,
        0,
        0,
        null,
        null,
        null,
        1,
        0,
        null,
        null
      ],
      "/Users/tamal/Documents/task1/task1app/spec/models/user_spec.rb": [
        1,
        null,
        1,
        null,
        11,
        null,
        2,
        null,
        1,
        1,
        null,
        null,
        1,
        1,
        null,
        null,
        1,
        1,
        1,
        null,
        null,
        1,
        1,
        1,
        null,
        null,
        1,
        1,
        1,
        null,
        null,
        1,
        2,
        1,
        1,
        1,
        null,
        null,
        1,
        1,
        null,
        null,
        null,
        null,
        1,
        1,
        1,
        1,
        null,
        null,
        2,
        2,
        null,
        null,
        null,
        null,
        2,
        null,
        null,
        null,
        null,
        2,
        null,
        null,
        null,
        null,
        null,
        1,
        1,
        1,
        null,
        2,
        1,
        null,
        null,
        null,
        null
      ]
    },
    "timestamp": 1574562309
  }
}
